2020-03-10 21:59:02 INFO  Main:38 - saved data reading
2020-03-10 21:59:02 INFO  Main:43 - application start
2020-03-10 21:59:03 INFO  Controller:88 - Main controller initializing
2020-03-10 21:59:08 INFO  NewEditController:97 - new/edit window initializing
2020-03-10 21:59:34 INFO  NewEditController:206 - Task{title='dada', time=Sun Mar 08 08:00:00 EET 2020, start=Sun Mar 08 08:00:00 EET 2020, end=Sun Mar 08 08:00:00 EET 2020, interval=0, active=true}
2020-03-10 21:59:44 INFO  NewEditController:97 - new/edit window initializing
2020-03-10 21:59:52 INFO  NewEditController:206 - Task{title='dadadada', time=Sun Mar 01 08:00:00 EET 2020, start=Sun Mar 01 08:00:00 EET 2020, end=Sun Mar 01 08:00:00 EET 2020, interval=0, active=false}
2020-03-10 21:59:58 INFO  NewEditController:97 - new/edit window initializing
2020-03-10 22:00:04 INFO  NewEditController:206 - Task{title='aeewew', time=Fri Mar 13 08:00:00 EET 2020, start=Fri Mar 13 08:00:00 EET 2020, end=Fri Mar 13 08:00:00 EET 2020, interval=0, active=false}
2020-03-10 22:00:06 INFO  NewEditController:97 - new/edit window initializing
2020-03-10 23:01:38 INFO  Main:38 - saved data reading
2020-03-10 23:01:38 INFO  Main:43 - application start
2020-03-10 23:01:39 INFO  Controller:88 - Main controller initializing
2020-03-10 23:14:32 INFO  Main:38 - saved data reading
2020-03-10 23:14:32 INFO  Main:43 - application start
2020-03-10 23:14:33 INFO  Controller:88 - Main controller initializing
2020-03-10 23:14:39 INFO  NewEditController:97 - new/edit window initializing
2020-03-10 23:14:55 INFO  NewEditController:206 - Task{title='test', start=Fri Mar 13 02:00:00 EET 2020, end=Fri Mar 13 02:00:00 EET 2020, interval=0, active=true}
2020-03-10 23:15:05 INFO  NewEditController:97 - new/edit window initializing
2020-03-10 23:15:15 INFO  NewEditController:206 - Task{title='blabla', start=Fri Mar 13 08:00:00 EET 2020, end=Fri Mar 27 10:00:00 EET 2020, interval=1800, active=false}
2020-03-10 23:15:22 INFO  TaskInfoController:26 - task info window initializing
